# JRE version: OpenJDK Runtime Environment (8.0) (build 1.8.0-25-microsoft-b00)
# Java VM: OpenJDK 64-Bit Server VM (25.71-b00 mixed mode windows-amd64 compressed oops)
Heap:
 PSYoungGen      total 288768K, used 272447K [0x00000000eab00000, 0x00000000fdc00000, 0x0000000100000000)
  eden space 266240K, 98% used [0x00000000eab00000,0x00000000fa9d1080,0x00000000faf00000)
  from space 22528K, 51% used [0x00000000fc600000,0x00000000fd13edf0,0x00000000fdc00000)
  to   space 23040K, 0% used [0x00000000faf00000,0x00000000faf00000,0x00000000fc580000)
 ParOldGen       total 87552K, used 52173K [0x00000000c0000000, 0x00000000c5580000, 0x00000000eab00000)
  object space 87552K, 59% used [0x00000000c0000000,0x00000000c32f3770,0x00000000c5580000)
 Metaspace       used 15027K, capacity 15914K, committed 16128K, reserved 1062912K
  class space    used 1821K, capacity 2035K, committed 2048K, reserved 1048576K
GC Heap History (10 events):
Event: 0.948 GC heap before
{Heap before GC invocations=4 (full 0):
 PSYoungGen      total 38400K, used 38389K [0x00000000eab00000, 0x00000000ef600000, 0x0000000100000000)
  eden space 33280K, 100% used [0x00000000eab00000,0x00000000ecb80000,0x00000000ecb80000)
  from space 5120K, 99% used [0x00000000ecb80000,0x00000000ed07d778,0x00000000ed080000)
  to   space 5120K, 0% used [0x00000000ef100000,0x00000000ef100000,0x00000000ef600000)
 ParOldGen       total 87552K, used 24401K [0x00000000c0000000, 0x00000000c5580000, 0x00000000eab00000)
  object space 87552K, 27% used [0x00000000c0000000,0x00000000c17d45f0,0x00000000c5580000)
 Metaspace       used 8608K, capacity 8948K, committed 9088K, reserved 1056768K
  class space    used 952K, capacity 1044K, committed 1152K, reserved 1048576K
Event: 0.964 GC heap after
Heap after GC invocations=4 (full 0):
 PSYoungGen      total 71680K, used 5088K [0x00000000eab00000, 0x00000000ef600000, 0x0000000100000000)
  eden space 66560K, 0% used [0x00000000eab00000,0x00000000eab00000,0x00000000eec00000)
  from space 5120K, 99% used [0x00000000ef100000,0x00000000ef5f8060,0x00000000ef600000)
  to   space 5120K, 0% used [0x00000000eec00000,0x00000000eec00000,0x00000000ef100000)
 ParOldGen       total 87552K, used 33242K [0x00000000c0000000, 0x00000000c5580000, 0x00000000eab00000)
  object space 87552K, 37% used [0x00000000c0000000,0x00000000c2076b68,0x00000000c5580000)
 Metaspace       used 8608K, capacity 8948K, committed 9088K, reserved 1056768K
  class space    used 952K, capacity 1044K, committed 1152K, reserved 1048576K
}
Event: 1.286 GC heap before
{Heap before GC invocations=5 (full 0):
 PSYoungGen      total 71680K, used 71648K [0x00000000eab00000, 0x00000000ef600000, 0x0000000100000000)
  eden space 66560K, 100% used [0x00000000eab00000,0x00000000eec00000,0x00000000eec00000)
  from space 5120K, 99% used [0x00000000ef100000,0x00000000ef5f8060,0x00000000ef600000)
  to   space 5120K, 0% used [0x00000000eec00000,0x00000000eec00000,0x00000000ef100000)
 ParOldGen       total 87552K, used 33242K [0x00000000c0000000, 0x00000000c5580000, 0x00000000eab00000)
  object space 87552K, 37% used [0x00000000c0000000,0x00000000c2076b68,0x00000000c5580000)
 Metaspace       used 11150K, capacity 11660K, committed 11776K, reserved 1058816K
  class space    used 1396K, capacity 1528K, committed 1536K, reserved 1048576K
Event: 1.306 GC heap after
Heap after GC invocations=5 (full 0):
 PSYoungGen      total 71680K, used 5088K [0x00000000eab00000, 0x00000000f5d00000, 0x0000000100000000)
  eden space 66560K, 0% used [0x00000000eab00000,0x00000000eab00000,0x00000000eec00000)
  from space 5120K, 99% used [0x00000000eec00000,0x00000000ef0f8050,0x00000000ef100000)
  to   space 24576K, 0% used [0x00000000f4500000,0x00000000f4500000,0x00000000f5d00000)
 ParOldGen       total 87552K, used 48932K [0x00000000c0000000, 0x00000000c5580000, 0x00000000eab00000)
  object space 87552K, 55% used [0x00000000c0000000,0x00000000c2fc9308,0x00000000c5580000)
 Metaspace       used 11150K, capacity 11660K, committed 11776K, reserved 1058816K
  class space    used 1396K, capacity 1528K, committed 1536K, reserved 1048576K
}
Event: 1.753 GC heap before
{Heap before GC invocations=6 (full 0):
 PSYoungGen      total 71680K, used 71648K [0x00000000eab00000, 0x00000000f5d00000, 0x0000000100000000)
  eden space 66560K, 100% used [0x00000000eab00000,0x00000000eec00000,0x00000000eec00000)
  from space 5120K, 99% used [0x00000000eec00000,0x00000000ef0f8050,0x00000000ef100000)
  to   space 24576K, 0% used [0x00000000f4500000,0x00000000f4500000,0x00000000f5d00000)
 ParOldGen       total 87552K, used 48932K [0x00000000c0000000, 0x00000000c5580000, 0x00000000eab00000)
  object space 87552K, 55% used [0x00000000c0000000,0x00000000c2fc9308,0x00000000c5580000)
 Metaspace       used 13831K, capacity 14616K, committed 14848K, reserved 1062912K
  class space    used 1765K, capacity 1954K, committed 2048K, reserved 1048576K
Event: 1.772 GC heap after
Heap after GC invocations=6 (full 0):
 PSYoungGen      total 156672K, used 9071K [0x00000000eab00000, 0x00000000f5c00000, 0x0000000100000000)
  eden space 133120K, 0% used [0x00000000eab00000,0x00000000eab00000,0x00000000f2d00000)
  from space 23552K, 38% used [0x00000000f4500000,0x00000000f4ddbe18,0x00000000f5c00000)
  to   space 24064K, 0% used [0x00000000f2d00000,0x00000000f2d00000,0x00000000f4480000)
 ParOldGen       total 87552K, used 48940K [0x00000000c0000000, 0x00000000c5580000, 0x00000000eab00000)
  object space 87552K, 55% used [0x00000000c0000000,0x00000000c2fcb308,0x00000000c5580000)
 Metaspace       used 13831K, capacity 14616K, committed 14848K, reserved 1062912K
  class space    used 1765K, capacity 1954K, committed 2048K, reserved 1048576K
}
Event: 7.556 GC heap before
{Heap before GC invocations=7 (full 0):
 PSYoungGen      total 156672K, used 142191K [0x00000000eab00000, 0x00000000f5c00000, 0x0000000100000000)
  eden space 133120K, 100% used [0x00000000eab00000,0x00000000f2d00000,0x00000000f2d00000)
  from space 23552K, 38% used [0x00000000f4500000,0x00000000f4ddbe18,0x00000000f5c00000)
  to   space 24064K, 0% used [0x00000000f2d00000,0x00000000f2d00000,0x00000000f4480000)
 ParOldGen       total 87552K, used 48940K [0x00000000c0000000, 0x00000000c5580000, 0x00000000eab00000)
  object space 87552K, 55% used [0x00000000c0000000,0x00000000c2fcb308,0x00000000c5580000)
 Metaspace       used 14546K, capacity 15418K, committed 15616K, reserved 1062912K
  class space    used 1799K, capacity 1997K, committed 2048K, reserved 1048576K
Event: 7.639 GC heap after
Heap after GC invocations=7 (full 0):
 PSYoungGen      total 157184K, used 10292K [0x00000000eab00000, 0x00000000fdd00000, 0x0000000100000000)
  eden space 133120K, 0% used [0x00000000eab00000,0x00000000eab00000,0x00000000f2d00000)
  from space 24064K, 42% used [0x00000000f2d00000,0x00000000f370d228,0x00000000f4480000)
  to   space 23552K, 0% used [0x00000000fc600000,0x00000000fc600000,0x00000000fdd00000)
 ParOldGen       total 87552K, used 50292K [0x00000000c0000000, 0x00000000c5580000, 0x00000000eab00000)
  object space 87552K, 57% used [0x00000000c0000000,0x00000000c311d318,0x00000000c5580000)
 Metaspace       used 14546K, capacity 15418K, committed 15616K, reserved 1062912K
  class space    used 1799K, capacity 1997K, committed 2048K, reserved 1048576K
}
Event: 8.757 GC heap before
{Heap before GC invocations=8 (full 0):
 PSYoungGen      total 157184K, used 143412K [0x00000000eab00000, 0x00000000fdd00000, 0x0000000100000000)
  eden space 133120K, 100% used [0x00000000eab00000,0x00000000f2d00000,0x00000000f2d00000)
  from space 24064K, 42% used [0x00000000f2d00000,0x00000000f370d228,0x00000000f4480000)
  to   space 23552K, 0% used [0x00000000fc600000,0x00000000fc600000,0x00000000fdd00000)
 ParOldGen       total 87552K, used 50292K [0x00000000c0000000, 0x00000000c5580000, 0x00000000eab00000)
  object space 87552K, 57% used [0x00000000c0000000,0x00000000c311d318,0x00000000c5580000)
 Metaspace       used 14783K, capacity 15662K, committed 15872K, reserved 1062912K
  class space    used 1803K, capacity 2003K, committed 2048K, reserved 1048576K
Event: 8.817 GC heap after
Heap after GC invocations=8 (full 0):
 PSYoungGen      total 288768K, used 11515K [0x00000000eab00000, 0x00000000fdc00000, 0x0000000100000000)
  eden space 266240K, 0% used [0x00000000eab00000,0x00000000eab00000,0x00000000faf00000)
  from space 22528K, 51% used [0x00000000fc600000,0x00000000fd13edf0,0x00000000fdc00000)
  to   space 23040K, 0% used [0x00000000faf00000,0x00000000faf00000,0x00000000fc580000)
 ParOldGen       total 87552K, used 52173K [0x00000000c0000000, 0x00000000c5580000, 0x00000000eab00000)
  object space 87552K, 59% used [0x00000000c0000000,0x00000000c32f3770,0x00000000c5580000)
 Metaspace       used 14783K, capacity 15662K, committed 15872K, reserved 1062912K
  class space    used 1803K, capacity 2003K, committed 2048K, reserved 1048576K
}

