# JRE version: OpenJDK Runtime Environment (8.0) (build 1.8.0-25-microsoft-b00)
# Java VM: OpenJDK 64-Bit Server VM (25.71-b00 mixed mode windows-amd64 compressed oops)
Heap:
 PSYoungGen      total 288256K, used 242216K [0x00000000eab00000, 0x00000000fda00000, 0x0000000100000000)
  eden space 266240K, 86% used [0x00000000eab00000,0x00000000f8b9c6a0,0x00000000faf00000)
  from space 22016K, 55% used [0x00000000faf00000,0x00000000fbaedaf8,0x00000000fc480000)
  to   space 20992K, 0% used [0x00000000fc580000,0x00000000fc580000,0x00000000fda00000)
 ParOldGen       total 87552K, used 55346K [0x00000000c0000000, 0x00000000c5580000, 0x00000000eab00000)
  object space 87552K, 63% used [0x00000000c0000000,0x00000000c360caa0,0x00000000c5580000)
 Metaspace       used 15067K, capacity 15894K, committed 16128K, reserved 1062912K
  class space    used 1824K, capacity 2033K, committed 2048K, reserved 1048576K
GC Heap History (10 events):
Event: 1.737 GC heap before
{Heap before GC invocations=5 (full 0):
 PSYoungGen      total 71680K, used 71653K [0x00000000eab00000, 0x00000000ef600000, 0x0000000100000000)
  eden space 66560K, 100% used [0x00000000eab00000,0x00000000eec00000,0x00000000eec00000)
  from space 5120K, 99% used [0x00000000ef100000,0x00000000ef5f94d8,0x00000000ef600000)
  to   space 5120K, 0% used [0x00000000eec00000,0x00000000eec00000,0x00000000ef100000)
 ParOldGen       total 87552K, used 33224K [0x00000000c0000000, 0x00000000c5580000, 0x00000000eab00000)
  object space 87552K, 37% used [0x00000000c0000000,0x00000000c2072030,0x00000000c5580000)
 Metaspace       used 11082K, capacity 11510K, committed 11776K, reserved 1058816K
  class space    used 1379K, capacity 1507K, committed 1536K, reserved 1048576K
Event: 1.765 GC heap after
Heap after GC invocations=5 (full 0):
 PSYoungGen      total 71680K, used 5088K [0x00000000eab00000, 0x00000000f5b00000, 0x0000000100000000)
  eden space 66560K, 0% used [0x00000000eab00000,0x00000000eab00000,0x00000000eec00000)
  from space 5120K, 99% used [0x00000000eec00000,0x00000000ef0f8398,0x00000000ef100000)
  to   space 23552K, 0% used [0x00000000f4400000,0x00000000f4400000,0x00000000f5b00000)
 ParOldGen       total 87552K, used 47680K [0x00000000c0000000, 0x00000000c5580000, 0x00000000eab00000)
  object space 87552K, 54% used [0x00000000c0000000,0x00000000c2e903f0,0x00000000c5580000)
 Metaspace       used 11082K, capacity 11510K, committed 11776K, reserved 1058816K
  class space    used 1379K, capacity 1507K, committed 1536K, reserved 1048576K
}
Event: 2.703 GC heap before
{Heap before GC invocations=6 (full 0):
 PSYoungGen      total 71680K, used 71648K [0x00000000eab00000, 0x00000000f5b00000, 0x0000000100000000)
  eden space 66560K, 100% used [0x00000000eab00000,0x00000000eec00000,0x00000000eec00000)
  from space 5120K, 99% used [0x00000000eec00000,0x00000000ef0f8398,0x00000000ef100000)
  to   space 23552K, 0% used [0x00000000f4400000,0x00000000f4400000,0x00000000f5b00000)
 ParOldGen       total 87552K, used 47680K [0x00000000c0000000, 0x00000000c5580000, 0x00000000eab00000)
  object space 87552K, 54% used [0x00000000c0000000,0x00000000c2e903f0,0x00000000c5580000)
 Metaspace       used 14079K, capacity 14856K, committed 15104K, reserved 1062912K
  class space    used 1768K, capacity 1952K, committed 2048K, reserved 1048576K
Event: 2.734 GC heap after
Heap after GC invocations=6 (full 0):
 PSYoungGen      total 156672K, used 8930K [0x00000000eab00000, 0x00000000f5b00000, 0x0000000100000000)
  eden space 133120K, 0% used [0x00000000eab00000,0x00000000eab00000,0x00000000f2d00000)
  from space 23552K, 37% used [0x00000000f4400000,0x00000000f4cb8858,0x00000000f5b00000)
  to   space 23552K, 0% used [0x00000000f2d00000,0x00000000f2d00000,0x00000000f4400000)
 ParOldGen       total 87552K, used 47688K [0x00000000c0000000, 0x00000000c5580000, 0x00000000eab00000)
  object space 87552K, 54% used [0x00000000c0000000,0x00000000c2e923f0,0x00000000c5580000)
 Metaspace       used 14079K, capacity 14856K, committed 15104K, reserved 1062912K
  class space    used 1768K, capacity 1952K, committed 2048K, reserved 1048576K
}
Event: 3.711 GC heap before
{Heap before GC invocations=7 (full 0):
 PSYoungGen      total 156672K, used 142050K [0x00000000eab00000, 0x00000000f5b00000, 0x0000000100000000)
  eden space 133120K, 100% used [0x00000000eab00000,0x00000000f2d00000,0x00000000f2d00000)
  from space 23552K, 37% used [0x00000000f4400000,0x00000000f4cb8858,0x00000000f5b00000)
  to   space 23552K, 0% used [0x00000000f2d00000,0x00000000f2d00000,0x00000000f4400000)
 ParOldGen       total 87552K, used 47688K [0x00000000c0000000, 0x00000000c5580000, 0x00000000eab00000)
  object space 87552K, 54% used [0x00000000c0000000,0x00000000c2e923f0,0x00000000c5580000)
 Metaspace       used 14756K, capacity 15550K, committed 15616K, reserved 1062912K
  class space    used 1801K, capacity 1995K, committed 2048K, reserved 1048576K
Event: 3.738 GC heap after
Heap after GC invocations=7 (full 0):
 PSYoungGen      total 156672K, used 10621K [0x00000000eab00000, 0x00000000fdc00000, 0x0000000100000000)
  eden space 133120K, 0% used [0x00000000eab00000,0x00000000eab00000,0x00000000f2d00000)
  from space 23552K, 45% used [0x00000000f2d00000,0x00000000f375f5a0,0x00000000f4400000)
  to   space 23040K, 0% used [0x00000000fc580000,0x00000000fc580000,0x00000000fdc00000)
 ParOldGen       total 87552K, used 49025K [0x00000000c0000000, 0x00000000c5580000, 0x00000000eab00000)
  object space 87552K, 55% used [0x00000000c0000000,0x00000000c2fe0410,0x00000000c5580000)
 Metaspace       used 14756K, capacity 15550K, committed 15616K, reserved 1062912K
  class space    used 1801K, capacity 1995K, committed 2048K, reserved 1048576K
}
Event: 4.265 GC heap before
{Heap before GC invocations=8 (full 0):
 PSYoungGen      total 156672K, used 143741K [0x00000000eab00000, 0x00000000fdc00000, 0x0000000100000000)
  eden space 133120K, 100% used [0x00000000eab00000,0x00000000f2d00000,0x00000000f2d00000)
  from space 23552K, 45% used [0x00000000f2d00000,0x00000000f375f5a0,0x00000000f4400000)
  to   space 23040K, 0% used [0x00000000fc580000,0x00000000fc580000,0x00000000fdc00000)
 ParOldGen       total 87552K, used 49025K [0x00000000c0000000, 0x00000000c5580000, 0x00000000eab00000)
  object space 87552K, 55% used [0x00000000c0000000,0x00000000c2fe0410,0x00000000c5580000)
 Metaspace       used 14866K, capacity 15710K, committed 15872K, reserved 1062912K
  class space    used 1805K, capacity 2001K, committed 2048K, reserved 1048576K
Event: 4.297 GC heap after
Heap after GC invocations=8 (full 0):
 PSYoungGen      total 287232K, used 12831K [0x00000000eab00000, 0x00000000fda00000, 0x0000000100000000)
  eden space 266240K, 0% used [0x00000000eab00000,0x00000000eab00000,0x00000000faf00000)
  from space 20992K, 61% used [0x00000000fc580000,0x00000000fd207c18,0x00000000fda00000)
  to   space 22016K, 0% used [0x00000000faf00000,0x00000000faf00000,0x00000000fc480000)
 ParOldGen       total 87552K, used 49952K [0x00000000c0000000, 0x00000000c5580000, 0x00000000eab00000)
  object space 87552K, 57% used [0x00000000c0000000,0x00000000c30c8368,0x00000000c5580000)
 Metaspace       used 14866K, capacity 15710K, committed 15872K, reserved 1062912K
  class space    used 1805K, capacity 2001K, committed 2048K, reserved 1048576K
}
Event: 5.634 GC heap before
{Heap before GC invocations=9 (full 0):
 PSYoungGen      total 287232K, used 279071K [0x00000000eab00000, 0x00000000fda00000, 0x0000000100000000)
  eden space 266240K, 100% used [0x00000000eab00000,0x00000000faf00000,0x00000000faf00000)
  from space 20992K, 61% used [0x00000000fc580000,0x00000000fd207c18,0x00000000fda00000)
  to   space 22016K, 0% used [0x00000000faf00000,0x00000000faf00000,0x00000000fc480000)
 ParOldGen       total 87552K, used 49952K [0x00000000c0000000, 0x00000000c5580000, 0x00000000eab00000)
  object space 87552K, 57% used [0x00000000c0000000,0x00000000c30c8368,0x00000000c5580000)
 Metaspace       used 15042K, capacity 15890K, committed 16128K, reserved 1062912K
  class space    used 1824K, capacity 2033K, committed 2048K, reserved 1048576K
Event: 5.842 GC heap after
Heap after GC invocations=9 (full 0):
 PSYoungGen      total 288256K, used 12214K [0x00000000eab00000, 0x00000000fda00000, 0x0000000100000000)
  eden space 266240K, 0% used [0x00000000eab00000,0x00000000eab00000,0x00000000faf00000)
  from space 22016K, 55% used [0x00000000faf00000,0x00000000fbaedaf8,0x00000000fc480000)
  to   space 20992K, 0% used [0x00000000fc580000,0x00000000fc580000,0x00000000fda00000)
 ParOldGen       total 87552K, used 55346K [0x00000000c0000000, 0x00000000c5580000, 0x00000000eab00000)
  object space 87552K, 63% used [0x00000000c0000000,0x00000000c360caa0,0x00000000c5580000)
 Metaspace       used 15042K, capacity 15890K, committed 16128K, reserved 1062912K
  class space    used 1824K, capacity 2033K, committed 2048K, reserved 1048576K
}

