# JRE version: OpenJDK Runtime Environment (8.0) (build 1.8.0-25-microsoft-b00)
# Java VM: OpenJDK 64-Bit Server VM (25.71-b00 mixed mode windows-amd64 compressed oops)
Heap:
 PSYoungGen      total 326144K, used 225398K [0x00000000eab00000, 0x00000000ffe00000, 0x0000000100000000)
  eden space 307200K, 69% used [0x00000000eab00000,0x00000000f7c497d8,0x00000000fd700000)
  from space 18944K, 58% used [0x00000000feb80000,0x00000000ff654030,0x00000000ffe00000)
  to   space 19968K, 0% used [0x00000000fd700000,0x00000000fd700000,0x00000000fea80000)
 ParOldGen       total 102400K, used 69005K [0x00000000c0000000, 0x00000000c6400000, 0x00000000eab00000)
  object space 102400K, 67% used [0x00000000c0000000,0x00000000c4363700,0x00000000c6400000)
 Metaspace       used 15878K, capacity 16670K, committed 17024K, reserved 1064960K
  class space    used 1868K, capacity 2031K, committed 2176K, reserved 1048576K
GC Heap History (10 events):
Event: 14.534 GC heap before
{Heap before GC invocations=15 (full 1):
 PSYoungGen      total 327168K, used 312096K [0x00000000eab00000, 0x00000000fff80000, 0x0000000100000000)
  eden space 305152K, 100% used [0x00000000eab00000,0x00000000fd500000,0x00000000fd500000)
  from space 22016K, 31% used [0x00000000fd500000,0x00000000fdbc8000,0x00000000fea80000)
  to   space 21504K, 0% used [0x00000000fea80000,0x00000000fea80000,0x00000000fff80000)
 ParOldGen       total 102400K, used 43801K [0x00000000c0000000, 0x00000000c6400000, 0x00000000eab00000)
  object space 102400K, 42% used [0x00000000c0000000,0x00000000c2ac66e8,0x00000000c6400000)
 Metaspace       used 15030K, capacity 15672K, committed 16128K, reserved 1062912K
  class space    used 1766K, capacity 1932K, committed 2048K, reserved 1048576K
Event: 14.569 GC heap after
Heap after GC invocations=15 (full 1):
 PSYoungGen      total 327168K, used 7104K [0x00000000eab00000, 0x00000000fff80000, 0x0000000100000000)
  eden space 305664K, 0% used [0x00000000eab00000,0x00000000eab00000,0x00000000fd580000)
  from space 21504K, 33% used [0x00000000fea80000,0x00000000ff170000,0x00000000fff80000)
  to   space 21504K, 0% used [0x00000000fd580000,0x00000000fd580000,0x00000000fea80000)
 ParOldGen       total 102400K, used 49994K [0x00000000c0000000, 0x00000000c6400000, 0x00000000eab00000)
  object space 102400K, 48% used [0x00000000c0000000,0x00000000c30d2b88,0x00000000c6400000)
 Metaspace       used 15030K, capacity 15672K, committed 16128K, reserved 1062912K
  class space    used 1766K, capacity 1932K, committed 2048K, reserved 1048576K
}
Event: 16.381 GC heap before
{Heap before GC invocations=16 (full 1):
 PSYoungGen      total 327168K, used 312768K [0x00000000eab00000, 0x00000000fff80000, 0x0000000100000000)
  eden space 305664K, 100% used [0x00000000eab00000,0x00000000fd580000,0x00000000fd580000)
  from space 21504K, 33% used [0x00000000fea80000,0x00000000ff170000,0x00000000fff80000)
  to   space 21504K, 0% used [0x00000000fd580000,0x00000000fd580000,0x00000000fea80000)
 ParOldGen       total 102400K, used 49994K [0x00000000c0000000, 0x00000000c6400000, 0x00000000eab00000)
  object space 102400K, 48% used [0x00000000c0000000,0x00000000c30d2b88,0x00000000c6400000)
 Metaspace       used 15035K, capacity 15672K, committed 16128K, reserved 1062912K
  class space    used 1766K, capacity 1932K, committed 2048K, reserved 1048576K
Event: 16.403 GC heap after
Heap after GC invocations=16 (full 1):
 PSYoungGen      total 327168K, used 6240K [0x00000000eab00000, 0x00000000fff00000, 0x0000000100000000)
  eden space 305664K, 0% used [0x00000000eab00000,0x00000000eab00000,0x00000000fd580000)
  from space 21504K, 29% used [0x00000000fd580000,0x00000000fdb98000,0x00000000fea80000)
  to   space 20992K, 0% used [0x00000000fea80000,0x00000000fea80000,0x00000000fff00000)
 ParOldGen       total 102400K, used 55993K [0x00000000c0000000, 0x00000000c6400000, 0x00000000eab00000)
  object space 102400K, 54% used [0x00000000c0000000,0x00000000c36ae718,0x00000000c6400000)
 Metaspace       used 15035K, capacity 15672K, committed 16128K, reserved 1062912K
  class space    used 1766K, capacity 1932K, committed 2048K, reserved 1048576K
}
Event: 18.342 GC heap before
{Heap before GC invocations=17 (full 1):
 PSYoungGen      total 327168K, used 311904K [0x00000000eab00000, 0x00000000fff00000, 0x0000000100000000)
  eden space 305664K, 100% used [0x00000000eab00000,0x00000000fd580000,0x00000000fd580000)
  from space 21504K, 29% used [0x00000000fd580000,0x00000000fdb98000,0x00000000fea80000)
  to   space 20992K, 0% used [0x00000000fea80000,0x00000000fea80000,0x00000000fff00000)
 ParOldGen       total 102400K, used 55993K [0x00000000c0000000, 0x00000000c6400000, 0x00000000eab00000)
  object space 102400K, 54% used [0x00000000c0000000,0x00000000c36ae718,0x00000000c6400000)
 Metaspace       used 15048K, capacity 15672K, committed 16128K, reserved 1062912K
  class space    used 1766K, capacity 1932K, committed 2048K, reserved 1048576K
Event: 18.424 GC heap after
Heap after GC invocations=17 (full 1):
 PSYoungGen      total 327168K, used 13266K [0x00000000eab00000, 0x00000000fff80000, 0x0000000100000000)
  eden space 306176K, 0% used [0x00000000eab00000,0x00000000eab00000,0x00000000fd600000)
  from space 20992K, 63% used [0x00000000fea80000,0x00000000ff774a28,0x00000000fff00000)
  to   space 20992K, 0% used [0x00000000fd600000,0x00000000fd600000,0x00000000fea80000)
 ParOldGen       total 102400K, used 55993K [0x00000000c0000000, 0x00000000c6400000, 0x00000000eab00000)
  object space 102400K, 54% used [0x00000000c0000000,0x00000000c36ae718,0x00000000c6400000)
 Metaspace       used 15048K, capacity 15672K, committed 16128K, reserved 1062912K
  class space    used 1766K, capacity 1932K, committed 2048K, reserved 1048576K
}
Event: 19.617 GC heap before
{Heap before GC invocations=18 (full 1):
 PSYoungGen      total 327168K, used 319442K [0x00000000eab00000, 0x00000000fff80000, 0x0000000100000000)
  eden space 306176K, 100% used [0x00000000eab00000,0x00000000fd600000,0x00000000fd600000)
  from space 20992K, 63% used [0x00000000fea80000,0x00000000ff774a28,0x00000000fff00000)
  to   space 20992K, 0% used [0x00000000fd600000,0x00000000fd600000,0x00000000fea80000)
 ParOldGen       total 102400K, used 55993K [0x00000000c0000000, 0x00000000c6400000, 0x00000000eab00000)
  object space 102400K, 54% used [0x00000000c0000000,0x00000000c36ae718,0x00000000c6400000)
 Metaspace       used 15051K, capacity 15736K, committed 16128K, reserved 1062912K
  class space    used 1766K, capacity 1932K, committed 2048K, reserved 1048576K
Event: 19.653 GC heap after
Heap after GC invocations=18 (full 1):
 PSYoungGen      total 327168K, used 12656K [0x00000000eab00000, 0x0000000100000000, 0x0000000100000000)
  eden space 306176K, 0% used [0x00000000eab00000,0x00000000eab00000,0x00000000fd600000)
  from space 20992K, 60% used [0x00000000fd600000,0x00000000fe25c020,0x00000000fea80000)
  to   space 20992K, 0% used [0x00000000feb80000,0x00000000feb80000,0x0000000100000000)
 ParOldGen       total 102400K, used 61977K [0x00000000c0000000, 0x00000000c6400000, 0x00000000eab00000)
  object space 102400K, 60% used [0x00000000c0000000,0x00000000c3c86718,0x00000000c6400000)
 Metaspace       used 15051K, capacity 15736K, committed 16128K, reserved 1062912K
  class space    used 1766K, capacity 1932K, committed 2048K, reserved 1048576K
}
Event: 21.136 GC heap before
{Heap before GC invocations=19 (full 1):
 PSYoungGen      total 327168K, used 318832K [0x00000000eab00000, 0x0000000100000000, 0x0000000100000000)
  eden space 306176K, 100% used [0x00000000eab00000,0x00000000fd600000,0x00000000fd600000)
  from space 20992K, 60% used [0x00000000fd600000,0x00000000fe25c020,0x00000000fea80000)
  to   space 20992K, 0% used [0x00000000feb80000,0x00000000feb80000,0x0000000100000000)
 ParOldGen       total 102400K, used 61977K [0x00000000c0000000, 0x00000000c6400000, 0x00000000eab00000)
  object space 102400K, 60% used [0x00000000c0000000,0x00000000c3c86718,0x00000000c6400000)
 Metaspace       used 15063K, capacity 15736K, committed 16128K, reserved 1062912K
  class space    used 1766K, capacity 1932K, committed 2048K, reserved 1048576K
Event: 21.187 GC heap after
Heap after GC invocations=19 (full 1):
 PSYoungGen      total 326144K, used 11088K [0x00000000eab00000, 0x00000000ffe00000, 0x0000000100000000)
  eden space 307200K, 0% used [0x00000000eab00000,0x00000000eab00000,0x00000000fd700000)
  from space 18944K, 58% used [0x00000000feb80000,0x00000000ff654030,0x00000000ffe00000)
  to   space 19968K, 0% used [0x00000000fd700000,0x00000000fd700000,0x00000000fea80000)
 ParOldGen       total 102400K, used 69005K [0x00000000c0000000, 0x00000000c6400000, 0x00000000eab00000)
  object space 102400K, 67% used [0x00000000c0000000,0x00000000c4363700,0x00000000c6400000)
 Metaspace       used 15063K, capacity 15736K, committed 16128K, reserved 1062912K
  class space    used 1766K, capacity 1932K, committed 2048K, reserved 1048576K
}

