# JRE version: OpenJDK Runtime Environment (8.0) (build 1.8.0-25-microsoft-b00)
# Java VM: OpenJDK 64-Bit Server VM (25.71-b00 mixed mode windows-amd64 compressed oops)
Heap:
 PSYoungGen      total 287744K, used 32449K [0x00000000eab00000, 0x00000000fd900000, 0x0000000100000000)
  eden space 266240K, 10% used [0x00000000eab00000,0x00000000ec5b04b0,0x00000000faf00000)
  from space 21504K, 23% used [0x00000000faf00000,0x00000000fb400000,0x00000000fc400000)
  to   space 20480K, 0% used [0x00000000fc500000,0x00000000fc500000,0x00000000fd900000)
 ParOldGen       total 87552K, used 41890K [0x00000000c0000000, 0x00000000c5580000, 0x00000000eab00000)
  object space 87552K, 47% used [0x00000000c0000000,0x00000000c28e8ab0,0x00000000c5580000)
 Metaspace       used 15003K, capacity 15642K, committed 16128K, reserved 1062912K
  class space    used 1765K, capacity 1929K, committed 2048K, reserved 1048576K
GC Heap History (10 events):
Event: 13.219 GC heap before
{Heap before GC invocations=10 (full 0):
 PSYoungGen      total 287744K, used 278614K [0x00000000eab00000, 0x00000000fd900000, 0x0000000100000000)
  eden space 266240K, 100% used [0x00000000eab00000,0x00000000faf00000,0x00000000faf00000)
  from space 21504K, 57% used [0x00000000faf00000,0x00000000fbb15af8,0x00000000fc400000)
  to   space 20480K, 0% used [0x00000000fc500000,0x00000000fc500000,0x00000000fd900000)
 ParOldGen       total 87552K, used 54838K [0x00000000c0000000, 0x00000000c5580000, 0x00000000eab00000)
  object space 87552K, 62% used [0x00000000c0000000,0x00000000c358d940,0x00000000c5580000)
 Metaspace       used 15080K, capacity 15904K, committed 16128K, reserved 1062912K
  class space    used 1809K, capacity 2010K, committed 2048K, reserved 1048576K
Event: 13.260 GC heap after
Heap after GC invocations=10 (full 0):
 PSYoungGen      total 286720K, used 11654K [0x00000000eab00000, 0x00000000fd900000, 0x0000000100000000)
  eden space 266240K, 0% used [0x00000000eab00000,0x00000000eab00000,0x00000000faf00000)
  from space 20480K, 56% used [0x00000000fc500000,0x00000000fd061b78,0x00000000fd900000)
  to   space 21504K, 0% used [0x00000000faf00000,0x00000000faf00000,0x00000000fc400000)
 ParOldGen       total 87552K, used 61845K [0x00000000c0000000, 0x00000000c5580000, 0x00000000eab00000)
  object space 87552K, 70% used [0x00000000c0000000,0x00000000c3c656f8,0x00000000c5580000)
 Metaspace       used 15080K, capacity 15904K, committed 16128K, reserved 1062912K
  class space    used 1809K, capacity 2010K, committed 2048K, reserved 1048576K
}
Event: 14.229 GC heap before
{Heap before GC invocations=11 (full 0):
 PSYoungGen      total 286720K, used 277894K [0x00000000eab00000, 0x00000000fd900000, 0x0000000100000000)
  eden space 266240K, 100% used [0x00000000eab00000,0x00000000faf00000,0x00000000faf00000)
  from space 20480K, 56% used [0x00000000fc500000,0x00000000fd061b78,0x00000000fd900000)
  to   space 21504K, 0% used [0x00000000faf00000,0x00000000faf00000,0x00000000fc400000)
 ParOldGen       total 87552K, used 61845K [0x00000000c0000000, 0x00000000c5580000, 0x00000000eab00000)
  object space 87552K, 70% used [0x00000000c0000000,0x00000000c3c656f8,0x00000000c5580000)
 Metaspace       used 15116K, capacity 15968K, committed 16128K, reserved 1062912K
  class space    used 1809K, capacity 2010K, committed 2048K, reserved 1048576K
Event: 14.284 GC heap after
Heap after GC invocations=11 (full 0):
 PSYoungGen      total 287744K, used 5427K [0x00000000eab00000, 0x00000000fd900000, 0x0000000100000000)
  eden space 266240K, 0% used [0x00000000eab00000,0x00000000eab00000,0x00000000faf00000)
  from space 21504K, 25% used [0x00000000faf00000,0x00000000fb44ce38,0x00000000fc400000)
  to   space 20480K, 0% used [0x00000000fc500000,0x00000000fc500000,0x00000000fd900000)
 ParOldGen       total 87552K, used 72733K [0x00000000c0000000, 0x00000000c5580000, 0x00000000eab00000)
  object space 87552K, 83% used [0x00000000c0000000,0x00000000c4707708,0x00000000c5580000)
 Metaspace       used 15116K, capacity 15968K, committed 16128K, reserved 1062912K
  class space    used 1809K, capacity 2010K, committed 2048K, reserved 1048576K
}
Event: 14.284 GC heap before
{Heap before GC invocations=12 (full 1):
 PSYoungGen      total 287744K, used 5427K [0x00000000eab00000, 0x00000000fd900000, 0x0000000100000000)
  eden space 266240K, 0% used [0x00000000eab00000,0x00000000eab00000,0x00000000faf00000)
  from space 21504K, 25% used [0x00000000faf00000,0x00000000fb44ce38,0x00000000fc400000)
  to   space 20480K, 0% used [0x00000000fc500000,0x00000000fc500000,0x00000000fd900000)
 ParOldGen       total 87552K, used 72733K [0x00000000c0000000, 0x00000000c5580000, 0x00000000eab00000)
  object space 87552K, 83% used [0x00000000c0000000,0x00000000c4707708,0x00000000c5580000)
 Metaspace       used 15116K, capacity 15968K, committed 16128K, reserved 1062912K
  class space    used 1809K, capacity 2010K, committed 2048K, reserved 1048576K
Event: 14.589 GC heap after
Heap after GC invocations=12 (full 1):
 PSYoungGen      total 287744K, used 0K [0x00000000eab00000, 0x00000000fd900000, 0x0000000100000000)
  eden space 266240K, 0% used [0x00000000eab00000,0x00000000eab00000,0x00000000faf00000)
  from space 21504K, 0% used [0x00000000faf00000,0x00000000faf00000,0x00000000fc400000)
  to   space 20480K, 0% used [0x00000000fc500000,0x00000000fc500000,0x00000000fd900000)
 ParOldGen       total 87552K, used 36234K [0x00000000c0000000, 0x00000000c5580000, 0x00000000eab00000)
  object space 87552K, 41% used [0x00000000c0000000,0x00000000c2362ab0,0x00000000c5580000)
 Metaspace       used 14986K, capacity 15642K, committed 16128K, reserved 1062912K
  class space    used 1763K, capacity 1929K, committed 2048K, reserved 1048576K
}
Event: 15.535 GC heap before
{Heap before GC invocations=13 (full 1):
 PSYoungGen      total 287744K, used 266240K [0x00000000eab00000, 0x00000000fd900000, 0x0000000100000000)
  eden space 266240K, 100% used [0x00000000eab00000,0x00000000faf00000,0x00000000faf00000)
  from space 21504K, 0% used [0x00000000faf00000,0x00000000faf00000,0x00000000fc400000)
  to   space 20480K, 0% used [0x00000000fc500000,0x00000000fc500000,0x00000000fd900000)
 ParOldGen       total 87552K, used 36234K [0x00000000c0000000, 0x00000000c5580000, 0x00000000eab00000)
  object space 87552K, 41% used [0x00000000c0000000,0x00000000c2362ab0,0x00000000c5580000)
 Metaspace       used 14987K, capacity 15642K, committed 16128K, reserved 1062912K
  class space    used 1763K, capacity 1929K, committed 2048K, reserved 1048576K
Event: 15.552 GC heap after
Heap after GC invocations=13 (full 1):
 PSYoungGen      total 286720K, used 5792K [0x00000000eab00000, 0x00000000fd900000, 0x0000000100000000)
  eden space 266240K, 0% used [0x00000000eab00000,0x00000000eab00000,0x00000000faf00000)
  from space 20480K, 28% used [0x00000000fc500000,0x00000000fcaa8000,0x00000000fd900000)
  to   space 21504K, 0% used [0x00000000faf00000,0x00000000faf00000,0x00000000fc400000)
 ParOldGen       total 87552K, used 36242K [0x00000000c0000000, 0x00000000c5580000, 0x00000000eab00000)
  object space 87552K, 41% used [0x00000000c0000000,0x00000000c2364ab0,0x00000000c5580000)
 Metaspace       used 14987K, capacity 15642K, committed 16128K, reserved 1062912K
  class space    used 1763K, capacity 1929K, committed 2048K, reserved 1048576K
}
Event: 16.468 GC heap before
{Heap before GC invocations=14 (full 1):
 PSYoungGen      total 286720K, used 272032K [0x00000000eab00000, 0x00000000fd900000, 0x0000000100000000)
  eden space 266240K, 100% used [0x00000000eab00000,0x00000000faf00000,0x00000000faf00000)
  from space 20480K, 28% used [0x00000000fc500000,0x00000000fcaa8000,0x00000000fd900000)
  to   space 21504K, 0% used [0x00000000faf00000,0x00000000faf00000,0x00000000fc400000)
 ParOldGen       total 87552K, used 36242K [0x00000000c0000000, 0x00000000c5580000, 0x00000000eab00000)
  object space 87552K, 41% used [0x00000000c0000000,0x00000000c2364ab0,0x00000000c5580000)
 Metaspace       used 14992K, capacity 15642K, committed 16128K, reserved 1062912K
  class space    used 1763K, capacity 1929K, committed 2048K, reserved 1048576K
Event: 16.498 GC heap after
Heap after GC invocations=14 (full 1):
 PSYoungGen      total 287744K, used 5120K [0x00000000eab00000, 0x00000000fd900000, 0x0000000100000000)
  eden space 266240K, 0% used [0x00000000eab00000,0x00000000eab00000,0x00000000faf00000)
  from space 21504K, 23% used [0x00000000faf00000,0x00000000fb400000,0x00000000fc400000)
  to   space 20480K, 0% used [0x00000000fc500000,0x00000000fc500000,0x00000000fd900000)
 ParOldGen       total 87552K, used 41890K [0x00000000c0000000, 0x00000000c5580000, 0x00000000eab00000)
  object space 87552K, 47% used [0x00000000c0000000,0x00000000c28e8ab0,0x00000000c5580000)
 Metaspace       used 14992K, capacity 15642K, committed 16128K, reserved 1062912K
  class space    used 1763K, capacity 1929K, committed 2048K, reserved 1048576K
}

